<?xml version="1.0" encoding="UTF-8"?>
<Site BuildName="Darwin-clang++"
	BuildStamp="20231019-1008-Experimental"
	Name="MacBook-Pro-Ila"
	Generator="ctest-3.27.3"
	CompilerName="/usr/bin/clang++"
	CompilerVersion="13.0.0.13000029"
	OSName="macOS"
	Hostname="MacBook-Pro-Ila"
	OSRelease="11.7.10"
	OSVersion="20G1427"
	OSPlatform="x86_64"
	Is64Bits="1"
	VendorString="GenuineIntel"
	VendorID="Intel Corporation"
	FamilyID="6"
	ModelID="69"
	ProcessorCacheSize="32768"
	NumberOfLogicalCPU="4"
	NumberOfPhysicalCPU="2"
	TotalVirtualMemory="2048"
	TotalPhysicalMemory="8192"
	LogicalProcessorsPerPhysical="8"
	ProcessorClockFrequency="2400"
	>
	<Testing>
		<StartDateTime>Oct 20 00:05 MSK</StartDateTime>
		<StartTestTime>1697749513</StartTestTime>
		<TestList/>
		<EndDateTime>Oct 20 00:05 MSK</EndDateTime>
		<EndTestTime>1697749513</EndTestTime>
		<ElapsedMinutes>0</ElapsedMinutes>
	</Testing>
</Site>
